³³Û³³³Û³³ GRAFTech's
³³Û³³³Û³³ BARCODES-LITE Developers Library
³³Û³³³Û³³ ÄÄÄÄÄÄÄÄÄÄÄÄÄÄÄÄÄÄÄÄÄÄÄÄÄÄÄÄÄÄÄÄÄÄÄÄÄÄÄÄÄÄÄÄÄÄÄÄÄÄÄÄÄÄ
³³Û³³³Û³³ The Next Generation Of Business Software


          GRAFTech Development Corporation
          Post Office Box 851228
          Westland  MI  USA  48185-6328

          Copyright (c) 1988-93 - All Rights Reserved


The following is a list of files which have been included on 
your BARCODES-LITE distribution disk(s):

  BCL1001 .OBJ     BARCODES-LITE Library Module 1
  BCL1002 .OBJ     BARCODES-LITE Library Module 2
  BCLDEMO .BAS     BARCODES-LITE Basic Program Example

  BCLITE  .DOC     BARCODES-LITE User Documentation
  BCLITE  .REG     BARCODES-LITE Registration Form
  BCLITE  .UPG     BARCODES-PLUS Upgrade Documentation

  (C)LABEL.CRN     BARCODES-LITE Copyright Notice
  FILE_ID .DIZ     Bulletin Board Description Suggestion
  
  PACKING .LST     This File
