Bryan Nemecek       Chatsworth, CA      08:18/09:14  04-02-94 14400   56
Jeff Duke           Hamilton, ON        08:07/08:09  04-02-94  2400    2
Shaun Nelson        Layton, UT          07:46/07:47  04-02-94  2400    1
Tim Phelps          Reseda, CA          07:24/07:25  04-02-94  9600    1
Bill Greenland      Reseda, CA          07:16/07:22  04-02-94 14400    5
Larry Goodwin       Sylmar, CA          05:06/05:21  04-02-94 14400   15
Patrick Mattauch    Panorama City, CA   03:07/03:09  04-02-94  2400    1
Joey Nieto          Panorama City, CA   00:57/00:59  04-02-94  2400    1
Ben Holford         North Hollywood, CA 23:34/23:38  04-01-94  2400    4
Tim Phelps          Reseda, CA          23:06/23:08  04-01-94  9600    1
Edgar Estrada       Woodland Hills, CA  23:01/23:04  04-01-94 14400    2
Mike Gronlund       North Hollywood, CA 22:40/23:01  04-01-94 14400   20
Scott Smith         Sherman Jokes, CA   21:42/21:59  04-01-94 14400   17
Scott Smith         Sherman Jokes, CA   21:17/21:23  04-01-94 14400    6
Wayne Graham        Atlanta, GA         18:52/18:55  04-01-94 14400    3
Mike Gronlund       North Hollywood, CA 18:25/18:33  04-01-94 14400    8
Joshua Parry        Sepulveda, CA       17:37/17:37  04-01-94 19200    0
Tim Phelps          Reseda, CA          17:00/17:03  04-01-94  9600    3
Kathy Parry         Sepulveda, CA       15:31/15:48  04-01-94 19200   16
Ed Parry            EBBS HQ, CA         13:48/14:10  04-01-94  1200   22
Rob Reed            Riverside, CA       13:21/13:31  04-01-94 14400    9
Jeff Duke           Hamilton, ON        11:50/12:02  04-01-94 14400   11
System Operator     Sepulveda, CA       10:38/10:39  04-01-94 19200    1
System Operator     Sepulveda, CA       10:36/10:37  04-01-94 19200    0
Kathy Parry         Sepulveda, CA       10:35/10:36  04-01-94 19200    0
Larry Levy          Winnetka, CA        09:57/10:07  04-01-94 14400   10
Ed Parry            EBBS HQ, CA         09:18/09:57  04-01-94  1200   39
Joshua Parry        Sepulveda, CA       08:47/08:47  04-01-94 19200    0
Christy Parry       Sepulveda, CA       08:39/08:44  04-01-94 19200    5
HM McKinsey         Palmdale, CA        08:22/08:32  04-01-94  2400   10
Joshua Parry        Sepulveda, CA       07:15/07:21  04-01-94 19200    5
Isaac Decoursey     Northridge, CA      06:57/07:03  04-01-94 14400    5
Murphy Brown        Sunland, CA         06:48/06:51  04-01-94 14400    3
Tim Phelps          Reseda, CA          06:45/06:46  04-01-94  9600    1
Norman Corbin       Woodbury, NJ        06:25/06:33  04-01-94  9600    7
Norman Corbin       Woodbury, NJ        05:55/06:22  04-01-94  9600   27
Patrick Mattauch    Panorama City, CA   05:35/05:39  04-01-94  2400    3
Larry Goodwin       Sylmar, CA          05:23/05:28  04-01-94 14400    4
Bill Greenland      Reseda, CA          05:05/05:13  04-01-94 14400    7
Jack Stout          San Francisco, CA   04:14/04:41  04-01-94  2400   27
Patrick Mattauch    Panorama City, CA   03:32/03:34  04-01-94  2400    2
Mike Gronlund       North Hollywood, CA 01:13/01:14  04-01-94  2400    1
Shaun Nelson        Layton, UT          00:28/00:42  04-01-94  2400   13
Rob Reed            Riverside, CA       00:03/00:11  04-01-94 14400    8
Mike Barrows        Sun Valley, CA      23:26/23:40  03-31-94 14400   14
Shawn Park          Canoga Park, CA     22:53/22:55  03-31-94 14400    2
Jun Wang            Van Nuys, CA        22:44/22:46  03-31-94 14400    2
Edgar Estrada       Woodland Hills, CA  22:10/22:10  03-31-94 14400    0
Isaac Decoursey     Northridge, CA      21:34/21:54  03-31-94 14400   20
Amier Issa          North Hills, CA     19:00/19:01  03-31-94 14400    1
Tim Phelps          Reseda, CA          17:50/17:53  03-31-94  9600    2
Charles Gold        Mahwah, NJ          17:24/17:25  03-31-94 14400    1
Edgar Estrada       Woodland Hills, CA  16:00/16:16  03-31-94 14400   16
John Haddad         Burbank, CA         15:22/15:26  03-31-94  2400    4
Luke Gattuso        North Hollywood, CA 13:29/13:41  03-31-94  2400   11
Mike Gronlund       North Hollywood, CA 13:04/13:07  03-31-94  2400    2
Murphy Brown        Sunland, CA         12:20/12:30  03-31-94 14400    9
Kathy Parry         Sepulveda, CA       11:26/11:33  03-31-94 19200    6
System Operator     Sepulveda, CA       11:19/11:21  03-31-94 19200    2
Kathy Parry         Sepulveda, CA       11:17/11:18  03-31-94 19200    1
Daniel Gih          Panorama Cit, CA    11:12/11:15  03-31-94  2400    2
Shaun Nelson        Layton, UT          10:00/10:05  03-31-94  2400    5
Larry Levy          Winnetka, CA        09:42/09:46  03-31-94 14400    3
Ed Parry            EBBS HQ, CA         08:47/09:39  03-31-94  1200   52
Tim Phelps          Reseda, CA          06:57/07:01  03-31-94  9600    3
Bill Greenland      Reseda, CA          06:11/06:16  03-31-94 14400    5
Larry Goodwin       Sylmar, CA          05:50/05:55  03-31-94 14400    4
Norman Corbin       Woodbury, NJ        05:17/05:39  03-31-94  9600   21
Bryan Nemecek       Chatsworth, CA      04:25/05:17  03-31-94 14400   52
Bryan Nemecek       Chatsworth, CA      03:27/04:04  03-31-94 14400   37
Patrick Mattauch    Panorama City, CA   03:15/03:18  03-31-94  2400    3
Jack Ho             Sylmar, CA          01:45/02:11  03-31-94  2400   26
Mike Gronlund       North Hollywood, CA 01:24/01:28  03-31-94  2400    4
Sean Burke          Northridge, CA      01:07/01:14  03-31-94  2400    7
Mark Steinberg      Sun Valley, CA      00:08/00:16  03-31-94  1200    7
Terry Franklin      Kingston, ON        23:03/23:43  03-30-94 14400   39
Isaac Decoursey     Northridge, CA      23:01/23:02  03-30-94 14400    1
HM McKinsey         Palmdale, CA        22:34/22:47  03-30-94  2400   12
Ja Marx             Van Nuys, CA        22:06/22:34  03-30-94 14400   28
John Haddad         Burbank, CA         21:51/21:55  03-30-94  2400    3
Tim Phelps          Reseda, CA          21:47/21:51  03-30-94  9600    3
Larry Hall          Canoga Park, CA     20:34/20:35  03-30-94 14400    1
Mike Barrows        Sun Valley, CA      20:25/20:33  03-30-94 14400    8
Louis Balon         Northridge, CA      20:05/20:15  03-30-94 14400   10
Tim Phelps          Reseda, CA          19:54/19:56  03-30-94  9600    1
Scott Smith         Sherman Jokes, CA   19:44/19:53  03-30-94 14400    9
Glen Blankenship    Sherman Oaks, CA    17:51/17:55  03-30-94  2400    3
Owen Liebich        Castaic, CA         17:14/17:15  03-30-94  2400    1
Greg Hamamjian      Northridge, CA      16:29/16:33  03-30-94 14400    4
Greg Hamamjian      Northridge, CA      16:23/16:25  03-30-94 14400    2
Greg Hamamjian      Northridge, CA      16:18/16:21  03-30-94 14400    2
System Operator     Sepulveda, CA       12:29/12:33  03-30-94 19200    4
Kathy Parry         Sepulveda, CA       12:23/12:28  03-30-94 19200    5
Karanraj Guleria    VAN NUYS, CA        12:14/12:18  03-30-94 14400    3
Neil Lynch          Canoga Park, CA     10:57/10:59  03-30-94  2400    2
Joshua Parry        Sepulveda, CA       10:45/10:46  03-30-94 19200    0
Larry Levy          Winnetka, CA        10:04/10:06  03-30-94 14400    1
Ed Parry            EBBS HQ, CA         09:20/09:55  03-30-94  1200   35
Joshua Parry        Sepulveda, CA       07:47/07:47  03-30-94 19200    0
Tim Phelps          Reseda, CA          06:57/07:01  03-30-94  9600    3
HM McKinsey         Palmdale, CA        06:29/06:55  03-30-94  2400   26
Jeff Duke           Hamilton, ON        06:12/06:16  03-30-94 14400    4
